<?xml version="1.0" encoding="UTF-8"?>
<!-- Generated by org.testng.reporters.JUnitReportReporter -->
<testsuite skipped="0" hostname="DESKTOP-SKF5KSG" name="TestCases.LoginApp" tests="1" failures="0" timestamp="05 Jul 2019 04:46:23 GMT" time="15.054" errors="0">
  <testcase name="Login" time="15.054" classname="TestCases.LoginApp"/>
</testsuite> <!-- TestCases.LoginApp -->
